2020-05-07 16:37:47,008 [Worker-1: Loading available Gradle versions] INFO  o.e.b.c.i.u.g.PublishedGradleVersions - Gradle version information cache is out-of-date. Trying to update.
2020-05-07 16:40:25,158 [Worker-4: Importing Maven projects] INFO  o.e.m.c.i.l.LifecycleMappingFactory - Using org.maven.ide.eclipse.wtp.WarLifecycleMapping lifecycle mapping for MavenProject: com.luv2code:spring-rest-demo:1.0 @ C:\Users\deema\Desktop\TMS-final\TMS_Eclipse\solution-code-spring-rest-demo-pojo-student-list\pom.xml.
2020-05-07 16:40:39,829 [Worker-4: Importing Maven projects] INFO  o.e.m.j.i.AbstractJavaProjectConfigurator - Adding source folder /solution-code-spring-rest-demo-pojo-student-list/src/main/java
2020-05-07 16:40:39,831 [Worker-4: Importing Maven projects] INFO  o.e.m.j.i.AbstractJavaProjectConfigurator - Adding source folder /solution-code-spring-rest-demo-pojo-student-list/src/test/java
2020-05-07 16:40:44,613 [Worker-4: Importing Maven projects] INFO  o.e.m.c.i.p.ProjectConfigurationManager - Imported and configured 1 project(s) in 30 sec
2020-05-07 16:40:55,892 [Worker-3: Building workspace] WARN  o.e.m.c.i.embedder.EclipseLogger - Using platform encoding (Cp1252 actually) to copy filtered resources, i.e. build is platform dependent!
2020-05-07 16:40:55,914 [Worker-3: Building workspace] INFO  o.e.m.c.i.embedder.EclipseLogger - skip non existing resourceDirectory C:\Users\deema\Desktop\TMS-final\TMS_Eclipse\solution-code-spring-rest-demo-pojo-student-list\src\main\resources
2020-05-07 16:40:55,921 [Worker-3: Building workspace] WARN  o.e.m.c.i.embedder.EclipseLogger - Using platform encoding (Cp1252 actually) to copy filtered resources, i.e. build is platform dependent!
2020-05-07 16:40:55,922 [Worker-3: Building workspace] INFO  o.e.m.c.i.embedder.EclipseLogger - skip non existing resourceDirectory C:\Users\deema\Desktop\TMS-final\TMS_Eclipse\solution-code-spring-rest-demo-pojo-student-list\src\test\resources
2020-05-07 16:41:52,811 [Worker-9: Building workspace] WARN  o.e.m.c.i.embedder.EclipseLogger - Using platform encoding (Cp1252 actually) to copy filtered resources, i.e. build is platform dependent!
2020-05-07 16:41:52,853 [Worker-9: Building workspace] INFO  o.e.m.c.i.embedder.EclipseLogger - skip non existing resourceDirectory C:\Users\deema\Desktop\TMS-final\TMS_Eclipse\solution-code-spring-rest-demo-pojo-student-list\src\main\resources
2020-05-07 16:41:52,856 [Worker-9: Building workspace] WARN  o.e.m.c.i.embedder.EclipseLogger - Using platform encoding (Cp1252 actually) to copy filtered resources, i.e. build is platform dependent!
2020-05-07 16:41:52,858 [Worker-9: Building workspace] INFO  o.e.m.c.i.embedder.EclipseLogger - skip non existing resourceDirectory C:\Users\deema\Desktop\TMS-final\TMS_Eclipse\solution-code-spring-rest-demo-pojo-student-list\src\test\resources
2020-05-07 16:42:40,994 [Worker-5: Building workspace] WARN  o.e.m.c.i.embedder.EclipseLogger - Using platform encoding (Cp1252 actually) to copy filtered resources, i.e. build is platform dependent!
2020-05-07 16:42:41,008 [Worker-5: Building workspace] INFO  o.e.m.c.i.embedder.EclipseLogger - skip non existing resourceDirectory C:\Users\deema\Desktop\TMS-final\TMS_Eclipse\solution-code-spring-rest-demo-pojo-student-list\src\main\resources
2020-05-07 16:42:41,010 [Worker-5: Building workspace] WARN  o.e.m.c.i.embedder.EclipseLogger - Using platform encoding (Cp1252 actually) to copy filtered resources, i.e. build is platform dependent!
2020-05-07 16:42:41,012 [Worker-5: Building workspace] INFO  o.e.m.c.i.embedder.EclipseLogger - skip non existing resourceDirectory C:\Users\deema\Desktop\TMS-final\TMS_Eclipse\solution-code-spring-rest-demo-pojo-student-list\src\test\resources
2020-05-07 16:43:49,564 [main] INFO  o.e.m2e.actions.ExecutePomAction - Creating new launch configuration
2020-05-07 16:44:07,616 [Worker-0: Launching solution-code-spring-rest-demo-pojo-student-list] INFO  o.e.m.i.launch.MavenLaunchDelegate - C:\Users\deema\Desktop\TMS-final\TMS_Eclipse\solution-code-spring-rest-demo-pojo-student-list
2020-05-07 16:44:07,617 [Worker-0: Launching solution-code-spring-rest-demo-pojo-student-list] INFO  o.e.m.i.launch.MavenLaunchDelegate -  mvn -B clean
2020-05-07 16:47:13,207 [Worker-13: Building workspace] WARN  o.e.m.c.i.embedder.EclipseLogger - Using platform encoding (Cp1252 actually) to copy filtered resources, i.e. build is platform dependent!
2020-05-07 16:47:13,209 [Worker-13: Building workspace] INFO  o.e.m.c.i.embedder.EclipseLogger - skip non existing resourceDirectory C:\Users\deema\Desktop\TMS-final\TMS_Eclipse\solution-code-spring-rest-demo-pojo-student-list\src\main\resources
2020-05-07 16:47:13,211 [Worker-13: Building workspace] WARN  o.e.m.c.i.embedder.EclipseLogger - Using platform encoding (Cp1252 actually) to copy filtered resources, i.e. build is platform dependent!
2020-05-07 16:47:13,212 [Worker-13: Building workspace] INFO  o.e.m.c.i.embedder.EclipseLogger - skip non existing resourceDirectory C:\Users\deema\Desktop\TMS-final\TMS_Eclipse\solution-code-spring-rest-demo-pojo-student-list\src\test\resources
2020-05-07 16:47:35,794 [Worker-6: Building workspace] WARN  o.e.m.c.i.embedder.EclipseLogger - Using platform encoding (Cp1252 actually) to copy filtered resources, i.e. build is platform dependent!
2020-05-07 16:47:35,796 [Worker-6: Building workspace] INFO  o.e.m.c.i.embedder.EclipseLogger - skip non existing resourceDirectory C:\Users\deema\Desktop\TMS-final\TMS_Eclipse\solution-code-spring-rest-demo-pojo-student-list\src\main\resources
2020-05-07 16:47:35,798 [Worker-6: Building workspace] WARN  o.e.m.c.i.embedder.EclipseLogger - Using platform encoding (Cp1252 actually) to copy filtered resources, i.e. build is platform dependent!
2020-05-07 16:47:35,800 [Worker-6: Building workspace] INFO  o.e.m.c.i.embedder.EclipseLogger - skip non existing resourceDirectory C:\Users\deema\Desktop\TMS-final\TMS_Eclipse\solution-code-spring-rest-demo-pojo-student-list\src\test\resources
2020-05-07 17:00:23,389 [Worker-1: Loading available Gradle versions] INFO  o.e.b.c.i.u.g.PublishedGradleVersions - Gradle version information cache is up-to-date. Trying to read.
2020-05-07 17:00:37,852 [Worker-3: Building workspace] WARN  o.e.m.c.i.embedder.EclipseLogger - Using platform encoding (Cp1252 actually) to copy filtered resources, i.e. build is platform dependent!
2020-05-07 17:00:37,856 [Worker-3: Building workspace] INFO  o.e.m.c.i.embedder.EclipseLogger - skip non existing resourceDirectory C:\Users\deema\Desktop\TMS-final\TMS_Eclipse\solution-code-spring-rest-demo-pojo-student-list\src\main\resources
2020-05-07 17:00:37,860 [Worker-3: Building workspace] WARN  o.e.m.c.i.embedder.EclipseLogger - Using platform encoding (Cp1252 actually) to copy filtered resources, i.e. build is platform dependent!
2020-05-07 17:00:37,862 [Worker-3: Building workspace] INFO  o.e.m.c.i.embedder.EclipseLogger - skip non existing resourceDirectory C:\Users\deema\Desktop\TMS-final\TMS_Eclipse\solution-code-spring-rest-demo-pojo-student-list\src\test\resources
2020-05-07 17:02:50,055 [Worker-0: Building workspace] WARN  o.e.m.c.i.embedder.EclipseLogger - Using platform encoding (Cp1252 actually) to copy filtered resources, i.e. build is platform dependent!
2020-05-07 17:02:50,056 [Worker-0: Building workspace] INFO  o.e.m.c.i.embedder.EclipseLogger - skip non existing resourceDirectory C:\Users\deema\Desktop\TMS-final\TMS_Eclipse\solution-code-spring-rest-demo-pojo-student-list\src\main\resources
2020-05-07 17:02:50,059 [Worker-0: Building workspace] WARN  o.e.m.c.i.embedder.EclipseLogger - Using platform encoding (Cp1252 actually) to copy filtered resources, i.e. build is platform dependent!
2020-05-07 17:02:50,060 [Worker-0: Building workspace] INFO  o.e.m.c.i.embedder.EclipseLogger - skip non existing resourceDirectory C:\Users\deema\Desktop\TMS-final\TMS_Eclipse\solution-code-spring-rest-demo-pojo-student-list\src\test\resources
2020-05-07 17:02:52,104 [Worker-14: Building workspace] WARN  o.e.m.c.i.embedder.EclipseLogger - Using platform encoding (Cp1252 actually) to copy filtered resources, i.e. build is platform dependent!
2020-05-07 17:02:52,105 [Worker-14: Building workspace] INFO  o.e.m.c.i.embedder.EclipseLogger - skip non existing resourceDirectory C:\Users\deema\Desktop\TMS-final\TMS_Eclipse\solution-code-spring-rest-demo-pojo-student-list\src\main\resources
2020-05-07 17:02:52,108 [Worker-14: Building workspace] WARN  o.e.m.c.i.embedder.EclipseLogger - Using platform encoding (Cp1252 actually) to copy filtered resources, i.e. build is platform dependent!
2020-05-07 17:02:52,109 [Worker-14: Building workspace] INFO  o.e.m.c.i.embedder.EclipseLogger - skip non existing resourceDirectory C:\Users\deema\Desktop\TMS-final\TMS_Eclipse\solution-code-spring-rest-demo-pojo-student-list\src\test\resources
2020-05-07 17:03:02,842 [main] INFO  o.e.m2e.actions.ExecutePomAction - Using existing launch configuration
2020-05-07 17:03:03,312 [Worker-15: Launching solution-code-spring-rest-demo-pojo-student-list] INFO  o.e.m.i.launch.MavenLaunchDelegate - C:\Users\deema\Desktop\TMS-final\TMS_Eclipse\solution-code-spring-rest-demo-pojo-student-list
2020-05-07 17:03:03,313 [Worker-15: Launching solution-code-spring-rest-demo-pojo-student-list] INFO  o.e.m.i.launch.MavenLaunchDelegate -  mvn -B clean
2020-05-07 17:03:30,485 [main] INFO  o.e.m2e.actions.ExecutePomAction - Creating new launch configuration
2020-05-07 17:04:20,710 [Worker-15: Launching solution-code-spring-rest-demo-pojo-student-list (1)] INFO  o.e.m.i.launch.MavenLaunchDelegate - C:\Users\deema\Desktop\TMS-final\TMS_Eclipse\solution-code-spring-rest-demo-pojo-student-list
2020-05-07 17:04:20,724 [Worker-15: Launching solution-code-spring-rest-demo-pojo-student-list (1)] INFO  o.e.m.i.launch.MavenLaunchDelegate -  mvn -B spring-boot:run 
2020-05-08 15:42:23,154 [Worker-2: Loading available Gradle versions] INFO  o.e.b.c.i.u.g.PublishedGradleVersions - Gradle version information cache is up-to-date. Trying to read.
2020-05-08 15:42:53,566 [Worker-4: Building workspace] WARN  o.e.m.c.i.embedder.EclipseLogger - Using platform encoding (Cp1252 actually) to copy filtered resources, i.e. build is platform dependent!
2020-05-08 15:42:53,568 [Worker-4: Building workspace] INFO  o.e.m.c.i.embedder.EclipseLogger - skip non existing resourceDirectory C:\Users\deema\Desktop\TMS-final\TMS_Eclipse\solution-code-spring-rest-demo-pojo-student-list\src\main\resources
2020-05-08 15:42:53,572 [Worker-4: Building workspace] WARN  o.e.m.c.i.embedder.EclipseLogger - Using platform encoding (Cp1252 actually) to copy filtered resources, i.e. build is platform dependent!
2020-05-08 15:42:53,574 [Worker-4: Building workspace] INFO  o.e.m.c.i.embedder.EclipseLogger - skip non existing resourceDirectory C:\Users\deema\Desktop\TMS-final\TMS_Eclipse\solution-code-spring-rest-demo-pojo-student-list\src\test\resources
2020-05-08 15:46:12,490 [Worker-13: Building workspace] WARN  o.e.m.c.i.embedder.EclipseLogger - Using platform encoding (Cp1252 actually) to copy filtered resources, i.e. build is platform dependent!
2020-05-08 15:46:12,492 [Worker-13: Building workspace] INFO  o.e.m.c.i.embedder.EclipseLogger - skip non existing resourceDirectory C:\Users\deema\Desktop\TMS-final\TMS_Eclipse\solution-code-spring-rest-demo-pojo-student-list\src\main\resources
2020-05-08 15:46:12,494 [Worker-13: Building workspace] WARN  o.e.m.c.i.embedder.EclipseLogger - Using platform encoding (Cp1252 actually) to copy filtered resources, i.e. build is platform dependent!
2020-05-08 15:46:12,496 [Worker-13: Building workspace] INFO  o.e.m.c.i.embedder.EclipseLogger - skip non existing resourceDirectory C:\Users\deema\Desktop\TMS-final\TMS_Eclipse\solution-code-spring-rest-demo-pojo-student-list\src\test\resources
2020-05-08 15:46:44,044 [Worker-9: Building workspace] WARN  o.e.m.c.i.embedder.EclipseLogger - Using platform encoding (Cp1252 actually) to copy filtered resources, i.e. build is platform dependent!
2020-05-08 15:46:44,046 [Worker-9: Building workspace] INFO  o.e.m.c.i.embedder.EclipseLogger - skip non existing resourceDirectory C:\Users\deema\Desktop\TMS-final\TMS_Eclipse\solution-code-spring-rest-demo-pojo-student-list\src\main\resources
2020-05-08 15:46:44,048 [Worker-9: Building workspace] WARN  o.e.m.c.i.embedder.EclipseLogger - Using platform encoding (Cp1252 actually) to copy filtered resources, i.e. build is platform dependent!
2020-05-08 15:46:44,049 [Worker-9: Building workspace] INFO  o.e.m.c.i.embedder.EclipseLogger - skip non existing resourceDirectory C:\Users\deema\Desktop\TMS-final\TMS_Eclipse\solution-code-spring-rest-demo-pojo-student-list\src\test\resources
2020-05-08 15:48:47,930 [main] INFO  o.e.m2e.actions.ExecutePomAction - Creating new launch configuration
2020-05-08 15:48:56,333 [Worker-3: Launching solution-code-spring-rest-demo-pojo-student-list (2)] INFO  o.e.m.i.launch.MavenLaunchDelegate - C:\Users\deema\Desktop\TMS-final\TMS_Eclipse\solution-code-spring-rest-demo-pojo-student-list
2020-05-08 15:48:56,379 [Worker-3: Launching solution-code-spring-rest-demo-pojo-student-list (2)] INFO  o.e.m.i.launch.MavenLaunchDelegate -  mvn -B clean
2020-05-08 15:49:16,043 [Worker-13: Building workspace] WARN  o.e.m.c.i.embedder.EclipseLogger - Using platform encoding (Cp1252 actually) to copy filtered resources, i.e. build is platform dependent!
2020-05-08 15:49:16,045 [Worker-13: Building workspace] INFO  o.e.m.c.i.embedder.EclipseLogger - skip non existing resourceDirectory C:\Users\deema\Desktop\TMS-final\TMS_Eclipse\solution-code-spring-rest-demo-pojo-student-list\src\main\resources
2020-05-08 15:49:16,047 [Worker-13: Building workspace] WARN  o.e.m.c.i.embedder.EclipseLogger - Using platform encoding (Cp1252 actually) to copy filtered resources, i.e. build is platform dependent!
2020-05-08 15:49:16,049 [Worker-13: Building workspace] INFO  o.e.m.c.i.embedder.EclipseLogger - skip non existing resourceDirectory C:\Users\deema\Desktop\TMS-final\TMS_Eclipse\solution-code-spring-rest-demo-pojo-student-list\src\test\resources
2020-05-08 15:49:16,050 [Worker-13: Building workspace] INFO  o.e.m.w.i.f.ResourceFilteringBuildParticipant - Changed resources require a complete clean of filtered resources of solution-code-spring-rest-demo-pojo-student-list
2020-05-08 15:49:16,053 [Worker-13: Building workspace] INFO  o.e.m.w.i.f.ResourceFilteringBuildParticipant - Executing resource filtering for solution-code-spring-rest-demo-pojo-student-list
2020-05-08 15:49:16,115 [Worker-13: Building workspace] WARN  o.e.m.c.i.embedder.EclipseLogger - Using platform encoding (Cp1252 actually) to copy filtered resources, i.e. build is platform dependent!
2020-05-08 15:50:38,081 [Worker-20: Importing Maven projects] INFO  o.e.m.c.i.l.LifecycleMappingFactory - Using org.maven.ide.eclipse.wtp.WarLifecycleMapping lifecycle mapping for MavenProject: com.luv2code:spring-rest-demo:1.0 @ C:\Users\deema\Desktop\TMS-final\TMS_Eclipse\solution-code-spring-rest-demo-pojo-student-list\pom.xml.
2020-05-08 15:50:43,451 [Worker-20: Importing Maven projects] INFO  o.e.m.j.i.AbstractJavaProjectConfigurator - Adding source folder /solution-code-spring-rest-demo-pojo-student-list/src/main/java
2020-05-08 15:50:43,469 [Worker-20: Importing Maven projects] INFO  o.e.m.j.i.AbstractJavaProjectConfigurator - Adding source folder /solution-code-spring-rest-demo-pojo-student-list/src/test/java
2020-05-08 15:50:45,563 [Worker-20: Importing Maven projects] INFO  o.e.m.c.i.p.ProjectConfigurationManager - Imported and configured 1 project(s) in 16 sec
2020-05-08 15:50:49,988 [Worker-21: Building workspace] WARN  o.e.m.c.i.embedder.EclipseLogger - Using platform encoding (Cp1252 actually) to copy filtered resources, i.e. build is platform dependent!
2020-05-08 15:50:49,990 [Worker-21: Building workspace] INFO  o.e.m.c.i.embedder.EclipseLogger - skip non existing resourceDirectory C:\Users\deema\Desktop\TMS-final\TMS_Eclipse\solution-code-spring-rest-demo-pojo-student-list\src\main\resources
2020-05-08 15:50:49,996 [Worker-21: Building workspace] WARN  o.e.m.c.i.embedder.EclipseLogger - Using platform encoding (Cp1252 actually) to copy filtered resources, i.e. build is platform dependent!
2020-05-08 15:50:49,998 [Worker-21: Building workspace] INFO  o.e.m.c.i.embedder.EclipseLogger - skip non existing resourceDirectory C:\Users\deema\Desktop\TMS-final\TMS_Eclipse\solution-code-spring-rest-demo-pojo-student-list\src\test\resources
2020-05-08 15:51:37,484 [Worker-13: Launching Executing clean in C__Users_deema_Desktop_TMS-final_TMS_Eclipse_solution-code-spring-rest-demo-pojo-student-list] INFO  o.e.m.i.launch.MavenLaunchDelegate - C:\Users\deema\Desktop\TMS-final\TMS_Eclipse\solution-code-spring-rest-demo-pojo-student-list
2020-05-08 15:51:37,485 [Worker-13: Launching Executing clean in C__Users_deema_Desktop_TMS-final_TMS_Eclipse_solution-code-spring-rest-demo-pojo-student-list] INFO  o.e.m.i.launch.MavenLaunchDelegate -  mvn -B clean
2020-05-08 15:51:41,679 [Worker-19: Building workspace] WARN  o.e.m.c.i.embedder.EclipseLogger - Using platform encoding (Cp1252 actually) to copy filtered resources, i.e. build is platform dependent!
2020-05-08 15:51:41,681 [Worker-19: Building workspace] INFO  o.e.m.c.i.embedder.EclipseLogger - skip non existing resourceDirectory C:\Users\deema\Desktop\TMS-final\TMS_Eclipse\solution-code-spring-rest-demo-pojo-student-list\src\main\resources
2020-05-08 15:51:41,683 [Worker-19: Building workspace] WARN  o.e.m.c.i.embedder.EclipseLogger - Using platform encoding (Cp1252 actually) to copy filtered resources, i.e. build is platform dependent!
2020-05-08 15:51:41,685 [Worker-19: Building workspace] INFO  o.e.m.c.i.embedder.EclipseLogger - skip non existing resourceDirectory C:\Users\deema\Desktop\TMS-final\TMS_Eclipse\solution-code-spring-rest-demo-pojo-student-list\src\test\resources
2020-05-08 15:51:41,686 [Worker-19: Building workspace] INFO  o.e.m.w.i.f.ResourceFilteringBuildParticipant - Changed resources require a complete clean of filtered resources of solution-code-spring-rest-demo-pojo-student-list
2020-05-08 15:51:41,687 [Worker-19: Building workspace] INFO  o.e.m.w.i.f.ResourceFilteringBuildParticipant - Executing resource filtering for solution-code-spring-rest-demo-pojo-student-list
2020-05-08 15:51:41,718 [Worker-19: Building workspace] WARN  o.e.m.c.i.embedder.EclipseLogger - Using platform encoding (Cp1252 actually) to copy filtered resources, i.e. build is platform dependent!
2020-05-08 15:54:18,701 [Worker-23: Building workspace] WARN  o.e.m.c.i.embedder.EclipseLogger - Using platform encoding (Cp1252 actually) to copy filtered resources, i.e. build is platform dependent!
2020-05-08 15:54:18,703 [Worker-23: Building workspace] INFO  o.e.m.c.i.embedder.EclipseLogger - skip non existing resourceDirectory C:\Users\deema\Desktop\TMS-final\TMS_Eclipse\solution-code-spring-rest-demo-pojo-student-list\src\main\resources
2020-05-08 15:54:18,706 [Worker-23: Building workspace] WARN  o.e.m.c.i.embedder.EclipseLogger - Using platform encoding (Cp1252 actually) to copy filtered resources, i.e. build is platform dependent!
2020-05-08 15:54:18,707 [Worker-23: Building workspace] INFO  o.e.m.c.i.embedder.EclipseLogger - skip non existing resourceDirectory C:\Users\deema\Desktop\TMS-final\TMS_Eclipse\solution-code-spring-rest-demo-pojo-student-list\src\test\resources
2020-05-08 15:56:13,140 [Worker-9: Building workspace] WARN  o.e.m.c.i.embedder.EclipseLogger - Using platform encoding (Cp1252 actually) to copy filtered resources, i.e. build is platform dependent!
2020-05-08 15:56:13,142 [Worker-9: Building workspace] INFO  o.e.m.c.i.embedder.EclipseLogger - skip non existing resourceDirectory C:\Users\deema\Desktop\TMS-final\TMS_Eclipse\solution-code-spring-rest-demo-pojo-student-list\src\main\resources
2020-05-08 15:56:13,144 [Worker-9: Building workspace] WARN  o.e.m.c.i.embedder.EclipseLogger - Using platform encoding (Cp1252 actually) to copy filtered resources, i.e. build is platform dependent!
2020-05-08 15:56:13,145 [Worker-9: Building workspace] INFO  o.e.m.c.i.embedder.EclipseLogger - skip non existing resourceDirectory C:\Users\deema\Desktop\TMS-final\TMS_Eclipse\solution-code-spring-rest-demo-pojo-student-list\src\test\resources
2020-05-08 15:57:48,972 [Worker-23: Launching solution-code-spring-rest-demo-pojo-student-list (1)] INFO  o.e.m.i.launch.MavenLaunchDelegate - C:\Users\deema\Desktop\TMS-final\TMS_Eclipse\solution-code-spring-rest-demo-pojo-student-list
2020-05-08 15:57:48,973 [Worker-23: Launching solution-code-spring-rest-demo-pojo-student-list (1)] INFO  o.e.m.i.launch.MavenLaunchDelegate -  mvn -B spring-boot:run 
2020-05-08 15:57:49,088 [Worker-26: Building workspace] WARN  o.e.m.c.i.embedder.EclipseLogger - Using platform encoding (Cp1252 actually) to copy filtered resources, i.e. build is platform dependent!
2020-05-08 15:57:49,090 [Worker-26: Building workspace] INFO  o.e.m.c.i.embedder.EclipseLogger - skip non existing resourceDirectory C:\Users\deema\Desktop\TMS-final\TMS_Eclipse\solution-code-spring-rest-demo-pojo-student-list\src\main\resources
2020-05-08 15:57:49,093 [Worker-26: Building workspace] WARN  o.e.m.c.i.embedder.EclipseLogger - Using platform encoding (Cp1252 actually) to copy filtered resources, i.e. build is platform dependent!
2020-05-08 15:57:49,094 [Worker-26: Building workspace] INFO  o.e.m.c.i.embedder.EclipseLogger - skip non existing resourceDirectory C:\Users\deema\Desktop\TMS-final\TMS_Eclipse\solution-code-spring-rest-demo-pojo-student-list\src\test\resources
2020-05-08 16:07:02,722 [Worker-26: Building workspace] ERROR o.e.m.c.i.p.r.ProjectRegistryManager - Could not read pom.xml
org.eclipse.core.runtime.CoreException: Could not read pom.xml
	at org.eclipse.m2e.core.internal.embedder.MavenImpl.readModel(MavenImpl.java:559) ~[na:na]
	at org.eclipse.m2e.core.internal.embedder.MavenImpl.readModel(MavenImpl.java:568) ~[na:na]
	at org.eclipse.m2e.core.internal.project.registry.ProjectRegistryManager.refreshPhase2(ProjectRegistryManager.java:537) ~[na:na]
	at org.eclipse.m2e.core.internal.project.registry.ProjectRegistryManager.refresh(ProjectRegistryManager.java:493) ~[na:na]
	at org.eclipse.m2e.core.internal.project.registry.ProjectRegistryManager.refresh(ProjectRegistryManager.java:349) ~[na:na]
	at org.eclipse.m2e.core.internal.project.registry.ProjectRegistryManager.refresh(ProjectRegistryManager.java:296) ~[na:na]
	at org.eclipse.m2e.core.internal.builder.MavenBuilder$BuildMethod.getProjectFacade(MavenBuilder.java:155) ~[na:na]
	at org.eclipse.m2e.core.internal.builder.MavenBuilder$BuildMethod$1.call(MavenBuilder.java:90) ~[na:na]
	at org.eclipse.m2e.core.internal.embedder.MavenExecutionContext.executeBare(MavenExecutionContext.java:177) ~[na:na]
	at org.eclipse.m2e.core.internal.embedder.MavenExecutionContext.execute(MavenExecutionContext.java:151) ~[na:na]
	at org.eclipse.m2e.core.internal.embedder.MavenExecutionContext.execute(MavenExecutionContext.java:99) ~[na:na]
	at org.eclipse.m2e.core.internal.builder.MavenBuilder$BuildMethod.execute(MavenBuilder.java:87) ~[na:na]
	at org.eclipse.m2e.core.internal.builder.MavenBuilder.build(MavenBuilder.java:201) ~[na:na]
	at org.eclipse.core.internal.events.BuildManager$2.run(BuildManager.java:833) ~[na:na]
	at org.eclipse.core.runtime.SafeRunner.run(SafeRunner.java:45) ~[org.eclipse.equinox.common_3.10.200.v20181021-1645.jar:na]
	at org.eclipse.core.internal.events.BuildManager.basicBuild(BuildManager.java:220) ~[na:na]
	at org.eclipse.core.internal.events.BuildManager.basicBuild(BuildManager.java:263) ~[na:na]
	at org.eclipse.core.internal.events.BuildManager$1.run(BuildManager.java:316) ~[na:na]
	at org.eclipse.core.runtime.SafeRunner.run(SafeRunner.java:45) ~[org.eclipse.equinox.common_3.10.200.v20181021-1645.jar:na]
	at org.eclipse.core.internal.events.BuildManager.basicBuild(BuildManager.java:319) ~[na:na]
	at org.eclipse.core.internal.events.BuildManager.basicBuildLoop(BuildManager.java:371) ~[na:na]
	at org.eclipse.core.internal.events.BuildManager.build(BuildManager.java:392) ~[na:na]
	at org.eclipse.core.internal.events.AutoBuildJob.doBuild(AutoBuildJob.java:154) ~[na:na]
	at org.eclipse.core.internal.events.AutoBuildJob.run(AutoBuildJob.java:244) ~[na:na]
	at org.eclipse.core.internal.jobs.Worker.run(Worker.java:63) ~[org.eclipse.core.jobs_3.10.200.v20180912-1356.jar:na]
Caused by: org.apache.maven.model.io.ModelParseException: only whitespace content allowed before start tag and not S (position: START_DOCUMENT seen S... @1:1) 
	at org.apache.maven.model.io.DefaultModelReader.read(DefaultModelReader.java:114) ~[na:na]
	at org.apache.maven.model.io.DefaultModelReader.read(DefaultModelReader.java:82) ~[na:na]
	at org.eclipse.m2e.core.internal.embedder.MavenImpl.readModel(MavenImpl.java:557) ~[na:na]
	... 24 common frames omitted
Caused by: org.codehaus.plexus.util.xml.pull.XmlPullParserException: only whitespace content allowed before start tag and not S (position: START_DOCUMENT seen S... @1:1) 
	at org.codehaus.plexus.util.xml.pull.MXParser.parseProlog(MXParser.java:1862) ~[na:na]
	at org.codehaus.plexus.util.xml.pull.MXParser.nextImpl(MXParser.java:1698) ~[na:na]
	at org.codehaus.plexus.util.xml.pull.MXParser.next(MXParser.java:1317) ~[na:na]
	at org.apache.maven.model.io.xpp3.MavenXpp3Reader.read(MavenXpp3Reader.java:3856) ~[na:na]
	at org.apache.maven.model.io.xpp3.MavenXpp3Reader.read(MavenXpp3Reader.java:595) ~[na:na]
	at org.apache.maven.model.io.DefaultModelReader.read(DefaultModelReader.java:109) ~[na:na]
	... 26 common frames omitted
2020-05-08 16:07:04,743 [Worker-28: Building workspace] ERROR o.e.m.c.i.p.r.ProjectRegistryManager - Could not read pom.xml
org.eclipse.core.runtime.CoreException: Could not read pom.xml
	at org.eclipse.m2e.core.internal.embedder.MavenImpl.readModel(MavenImpl.java:559) ~[na:na]
	at org.eclipse.m2e.core.internal.embedder.MavenImpl.readModel(MavenImpl.java:568) ~[na:na]
	at org.eclipse.m2e.core.internal.project.registry.ProjectRegistryManager.refreshPhase2(ProjectRegistryManager.java:537) ~[na:na]
	at org.eclipse.m2e.core.internal.project.registry.ProjectRegistryManager.refresh(ProjectRegistryManager.java:493) ~[na:na]
	at org.eclipse.m2e.core.internal.project.registry.ProjectRegistryManager.refresh(ProjectRegistryManager.java:349) ~[na:na]
	at org.eclipse.m2e.core.internal.project.registry.ProjectRegistryManager.refresh(ProjectRegistryManager.java:296) ~[na:na]
	at org.eclipse.m2e.core.internal.builder.MavenBuilder$BuildMethod.getProjectFacade(MavenBuilder.java:155) ~[na:na]
	at org.eclipse.m2e.core.internal.builder.MavenBuilder$BuildMethod$1.call(MavenBuilder.java:90) ~[na:na]
	at org.eclipse.m2e.core.internal.embedder.MavenExecutionContext.executeBare(MavenExecutionContext.java:177) ~[na:na]
	at org.eclipse.m2e.core.internal.embedder.MavenExecutionContext.execute(MavenExecutionContext.java:151) ~[na:na]
	at org.eclipse.m2e.core.internal.embedder.MavenExecutionContext.execute(MavenExecutionContext.java:99) ~[na:na]
	at org.eclipse.m2e.core.internal.builder.MavenBuilder$BuildMethod.execute(MavenBuilder.java:87) ~[na:na]
	at org.eclipse.m2e.core.internal.builder.MavenBuilder.build(MavenBuilder.java:201) ~[na:na]
	at org.eclipse.core.internal.events.BuildManager$2.run(BuildManager.java:833) ~[na:na]
	at org.eclipse.core.runtime.SafeRunner.run(SafeRunner.java:45) ~[org.eclipse.equinox.common_3.10.200.v20181021-1645.jar:na]
	at org.eclipse.core.internal.events.BuildManager.basicBuild(BuildManager.java:220) ~[na:na]
	at org.eclipse.core.internal.events.BuildManager.basicBuild(BuildManager.java:263) ~[na:na]
	at org.eclipse.core.internal.events.BuildManager$1.run(BuildManager.java:316) ~[na:na]
	at org.eclipse.core.runtime.SafeRunner.run(SafeRunner.java:45) ~[org.eclipse.equinox.common_3.10.200.v20181021-1645.jar:na]
	at org.eclipse.core.internal.events.BuildManager.basicBuild(BuildManager.java:319) ~[na:na]
	at org.eclipse.core.internal.events.BuildManager.basicBuildLoop(BuildManager.java:371) ~[na:na]
	at org.eclipse.core.internal.events.BuildManager.build(BuildManager.java:392) ~[na:na]
	at org.eclipse.core.internal.events.AutoBuildJob.doBuild(AutoBuildJob.java:154) ~[na:na]
	at org.eclipse.core.internal.events.AutoBuildJob.run(AutoBuildJob.java:244) ~[na:na]
	at org.eclipse.core.internal.jobs.Worker.run(Worker.java:63) ~[org.eclipse.core.jobs_3.10.200.v20180912-1356.jar:na]
Caused by: org.apache.maven.model.io.ModelParseException: only whitespace content allowed before start tag and not S (position: START_DOCUMENT seen S... @1:1) 
	at org.apache.maven.model.io.DefaultModelReader.read(DefaultModelReader.java:114) ~[na:na]
	at org.apache.maven.model.io.DefaultModelReader.read(DefaultModelReader.java:82) ~[na:na]
	at org.eclipse.m2e.core.internal.embedder.MavenImpl.readModel(MavenImpl.java:557) ~[na:na]
	... 24 common frames omitted
Caused by: org.codehaus.plexus.util.xml.pull.XmlPullParserException: only whitespace content allowed before start tag and not S (position: START_DOCUMENT seen S... @1:1) 
	at org.codehaus.plexus.util.xml.pull.MXParser.parseProlog(MXParser.java:1862) ~[na:na]
	at org.codehaus.plexus.util.xml.pull.MXParser.nextImpl(MXParser.java:1698) ~[na:na]
	at org.codehaus.plexus.util.xml.pull.MXParser.next(MXParser.java:1317) ~[na:na]
	at org.apache.maven.model.io.xpp3.MavenXpp3Reader.read(MavenXpp3Reader.java:3856) ~[na:na]
	at org.apache.maven.model.io.xpp3.MavenXpp3Reader.read(MavenXpp3Reader.java:595) ~[na:na]
	at org.apache.maven.model.io.DefaultModelReader.read(DefaultModelReader.java:109) ~[na:na]
	... 26 common frames omitted
2020-05-08 16:07:05,911 [Worker-28: Building workspace] ERROR o.e.m.c.i.p.r.ProjectRegistryManager - Could not read pom.xml
org.eclipse.core.runtime.CoreException: Could not read pom.xml
	at org.eclipse.m2e.core.internal.embedder.MavenImpl.readModel(MavenImpl.java:559) ~[na:na]
	at org.eclipse.m2e.core.internal.embedder.MavenImpl.readModel(MavenImpl.java:568) ~[na:na]
	at org.eclipse.m2e.core.internal.project.registry.ProjectRegistryManager.refreshPhase2(ProjectRegistryManager.java:537) ~[na:na]
	at org.eclipse.m2e.core.internal.project.registry.ProjectRegistryManager.refresh(ProjectRegistryManager.java:493) ~[na:na]
	at org.eclipse.m2e.core.internal.project.registry.ProjectRegistryManager.refresh(ProjectRegistryManager.java:349) ~[na:na]
	at org.eclipse.m2e.core.internal.project.registry.ProjectRegistryManager.refresh(ProjectRegistryManager.java:296) ~[na:na]
	at org.eclipse.m2e.core.internal.builder.MavenBuilder$BuildMethod.getProjectFacade(MavenBuilder.java:155) ~[na:na]
	at org.eclipse.m2e.core.internal.builder.MavenBuilder$BuildMethod$1.call(MavenBuilder.java:90) ~[na:na]
	at org.eclipse.m2e.core.internal.embedder.MavenExecutionContext.executeBare(MavenExecutionContext.java:177) ~[na:na]
	at org.eclipse.m2e.core.internal.embedder.MavenExecutionContext.execute(MavenExecutionContext.java:151) ~[na:na]
	at org.eclipse.m2e.core.internal.embedder.MavenExecutionContext.execute(MavenExecutionContext.java:99) ~[na:na]
	at org.eclipse.m2e.core.internal.builder.MavenBuilder$BuildMethod.execute(MavenBuilder.java:87) ~[na:na]
	at org.eclipse.m2e.core.internal.builder.MavenBuilder.build(MavenBuilder.java:201) ~[na:na]
	at org.eclipse.core.internal.events.BuildManager$2.run(BuildManager.java:833) ~[na:na]
	at org.eclipse.core.runtime.SafeRunner.run(SafeRunner.java:45) ~[org.eclipse.equinox.common_3.10.200.v20181021-1645.jar:na]
	at org.eclipse.core.internal.events.BuildManager.basicBuild(BuildManager.java:220) ~[na:na]
	at org.eclipse.core.internal.events.BuildManager.basicBuild(BuildManager.java:263) ~[na:na]
	at org.eclipse.core.internal.events.BuildManager$1.run(BuildManager.java:316) ~[na:na]
	at org.eclipse.core.runtime.SafeRunner.run(SafeRunner.java:45) ~[org.eclipse.equinox.common_3.10.200.v20181021-1645.jar:na]
	at org.eclipse.core.internal.events.BuildManager.basicBuild(BuildManager.java:319) ~[na:na]
	at org.eclipse.core.internal.events.BuildManager.basicBuildLoop(BuildManager.java:371) ~[na:na]
	at org.eclipse.core.internal.events.BuildManager.build(BuildManager.java:392) ~[na:na]
	at org.eclipse.core.internal.events.AutoBuildJob.doBuild(AutoBuildJob.java:154) ~[na:na]
	at org.eclipse.core.internal.events.AutoBuildJob.run(AutoBuildJob.java:244) ~[na:na]
	at org.eclipse.core.internal.jobs.Worker.run(Worker.java:63) ~[org.eclipse.core.jobs_3.10.200.v20180912-1356.jar:na]
Caused by: org.apache.maven.model.io.ModelParseException: only whitespace content allowed before start tag and not S (position: START_DOCUMENT seen S... @1:1) 
	at org.apache.maven.model.io.DefaultModelReader.read(DefaultModelReader.java:114) ~[na:na]
	at org.apache.maven.model.io.DefaultModelReader.read(DefaultModelReader.java:82) ~[na:na]
	at org.eclipse.m2e.core.internal.embedder.MavenImpl.readModel(MavenImpl.java:557) ~[na:na]
	... 24 common frames omitted
Caused by: org.codehaus.plexus.util.xml.pull.XmlPullParserException: only whitespace content allowed before start tag and not S (position: START_DOCUMENT seen S... @1:1) 
	at org.codehaus.plexus.util.xml.pull.MXParser.parseProlog(MXParser.java:1862) ~[na:na]
	at org.codehaus.plexus.util.xml.pull.MXParser.nextImpl(MXParser.java:1698) ~[na:na]
	at org.codehaus.plexus.util.xml.pull.MXParser.next(MXParser.java:1317) ~[na:na]
	at org.apache.maven.model.io.xpp3.MavenXpp3Reader.read(MavenXpp3Reader.java:3856) ~[na:na]
	at org.apache.maven.model.io.xpp3.MavenXpp3Reader.read(MavenXpp3Reader.java:595) ~[na:na]
	at org.apache.maven.model.io.DefaultModelReader.read(DefaultModelReader.java:109) ~[na:na]
	... 26 common frames omitted
2020-05-08 16:07:34,378 [Worker-20: Building workspace] INFO  o.e.m.c.i.l.LifecycleMappingFactory - Using org.maven.ide.eclipse.wtp.WarLifecycleMapping lifecycle mapping for MavenProject: com.luv2code:spring-rest-demo:1.0 @ C:\Users\deema\Desktop\TMS-final\TMS_Eclipse\solution-code-spring-rest-demo-pojo-student-list\pom.xml.
2020-05-08 16:07:36,561 [Worker-20: Building workspace] INFO  o.e.m.w.i.f.ResourceFilteringBuildParticipant - Changed resources require a complete clean of filtered resources of solution-code-spring-rest-demo-pojo-student-list
2020-05-08 16:07:36,562 [Worker-20: Building workspace] INFO  o.e.m.w.i.f.ResourceFilteringBuildParticipant - Executing resource filtering for solution-code-spring-rest-demo-pojo-student-list
2020-05-08 16:07:58,539 [main] INFO  o.e.m2e.actions.ExecutePomAction - Creating new launch configuration
2020-05-08 16:08:24,005 [main] INFO  o.e.m2e.actions.ExecutePomAction - Creating new launch configuration
2020-05-08 16:08:29,199 [Worker-26: Launching solution-code-spring-rest-demo-pojo-student-list (4)] INFO  o.e.m.i.launch.MavenLaunchDelegate - C:\Users\deema\Desktop\TMS-final\TMS_Eclipse\solution-code-spring-rest-demo-pojo-student-list
2020-05-08 16:08:29,200 [Worker-26: Launching solution-code-spring-rest-demo-pojo-student-list (4)] INFO  o.e.m.i.launch.MavenLaunchDelegate -  mvn -B run
2020-05-08 16:08:42,057 [main] INFO  o.e.m2e.actions.ExecutePomAction - Creating new launch configuration
2020-05-08 16:08:46,600 [Worker-20: Launching solution-code-spring-rest-demo-pojo-student-list (5)] INFO  o.e.m.i.launch.MavenLaunchDelegate - C:\Users\deema\Desktop\TMS-final\TMS_Eclipse\solution-code-spring-rest-demo-pojo-student-list
2020-05-08 16:08:46,601 [Worker-20: Launching solution-code-spring-rest-demo-pojo-student-list (5)] INFO  o.e.m.i.launch.MavenLaunchDelegate -  mvn -B clean
2020-05-08 23:58:25,915 [Worker-82: Building workspace] INFO  o.e.m.c.i.l.LifecycleMappingFactory - Using org.maven.ide.eclipse.wtp.WarLifecycleMapping lifecycle mapping for MavenProject: com.luv2code:spring-rest-demo:1.0 @ C:\Users\deema\Desktop\TMS-final\TMS_Eclipse\solution-code-spring-rest-demo-pojo-student-list\pom.xml.
2020-05-08 23:58:31,148 [Worker-82: Building workspace] INFO  o.e.m.c.i.e.AbstractTransferListenerAdapter - Downloading https://repo.maven.apache.org/maven2/mysql/mysql-connector-java/5.1.39/mysql-connector-java-5.1.39.pom
2020-05-08 23:58:32,054 [Worker-82: Building workspace] INFO  o.e.m.c.i.e.AbstractTransferListenerAdapter - Downloaded https://repo.maven.apache.org/maven2/mysql/mysql-connector-java/5.1.39/mysql-connector-java-5.1.39.pom
2020-05-08 23:58:33,188 [Worker-82: Building workspace] INFO  o.e.m.c.i.e.AbstractTransferListenerAdapter - Downloading https://repo.maven.apache.org/maven2/mysql/mysql-connector-java/5.1.39/mysql-connector-java-5.1.39.jar
2020-05-08 23:58:37,980 [Worker-82: Building workspace] INFO  o.e.m.c.i.e.AbstractTransferListenerAdapter - Downloaded https://repo.maven.apache.org/maven2/mysql/mysql-connector-java/5.1.39/mysql-connector-java-5.1.39.jar
2020-05-08 23:58:50,033 [Worker-82: Building workspace] INFO  o.e.m.w.i.f.ResourceFilteringBuildParticipant - Changed resources require a complete clean of filtered resources of solution-code-spring-rest-demo-pojo-student-list
2020-05-08 23:58:50,034 [Worker-82: Building workspace] INFO  o.e.m.w.i.f.ResourceFilteringBuildParticipant - Executing resource filtering for solution-code-spring-rest-demo-pojo-student-list
2020-05-08 23:58:50,734 [Worker-85: Download sources and javadoc] INFO  o.e.m.c.i.e.AbstractTransferListenerAdapter - Downloading https://repo.maven.apache.org/maven2/mysql/mysql-connector-java/5.1.39/mysql-connector-java-5.1.39-sources.jar
2020-05-08 23:58:51,952 [Worker-85: Download sources and javadoc] INFO  o.e.m.c.i.e.AbstractTransferListenerAdapter - Downloaded https://repo.maven.apache.org/maven2/mysql/mysql-connector-java/5.1.39/mysql-connector-java-5.1.39-sources.jar
2020-05-08 23:58:52,350 [Worker-85: Download sources and javadoc] INFO  o.e.m.j.internal.DownloadSourcesJob - Downloaded sources for mysql:mysql-connector-java:5.1.39
2020-05-09 00:01:42,633 [Worker-85: Building workspace] INFO  o.e.m.c.i.l.LifecycleMappingFactory - Using org.maven.ide.eclipse.wtp.WarLifecycleMapping lifecycle mapping for MavenProject: com.luv2code:spring-rest-demo:1.0 @ C:\Users\deema\Desktop\TMS-final\TMS_Eclipse\solution-code-spring-rest-demo-pojo-student-list\pom.xml.
2020-05-09 00:01:44,414 [Worker-85: Building workspace] INFO  o.e.m.w.i.f.ResourceFilteringBuildParticipant - Changed resources require a complete clean of filtered resources of solution-code-spring-rest-demo-pojo-student-list
2020-05-09 00:01:44,415 [Worker-85: Building workspace] INFO  o.e.m.w.i.f.ResourceFilteringBuildParticipant - Executing resource filtering for solution-code-spring-rest-demo-pojo-student-list
2020-05-10 01:20:43,877 [Worker-0: Loading available Gradle versions] INFO  o.e.b.c.i.u.g.PublishedGradleVersions - Gradle version information cache is out-of-date. Trying to update.
2020-05-10 01:20:50,621 [Worker-0: Loading available Gradle versions] INFO  o.e.b.c.i.u.g.PublishedGradleVersions - Updating Gradle version information cache failed. Using outdated cache.
2020-05-10 01:50:10,016 [Worker-21: Building workspace] INFO  o.e.m.c.i.l.LifecycleMappingFactory - Using org.maven.ide.eclipse.wtp.WarLifecycleMapping lifecycle mapping for MavenProject: com.luv2code:transaction-mangement-system:1.0 @ C:\Users\deema\Desktop\TMS-final\TMS_Eclipse\solution-code-spring-rest-demo-pojo-student-list\pom.xml.
2020-05-10 01:50:12,606 [Worker-21: Building workspace] INFO  o.e.m.w.i.f.ResourceFilteringBuildParticipant - Changed resources require a complete clean of filtered resources of solution-code-spring-rest-demo-pojo-student-list
2020-05-10 01:50:12,607 [Worker-21: Building workspace] INFO  o.e.m.w.i.f.ResourceFilteringBuildParticipant - Executing resource filtering for solution-code-spring-rest-demo-pojo-student-list
2020-05-10 01:51:01,089 [Worker-18: Building workspace] INFO  o.e.m.c.i.l.LifecycleMappingFactory - Using org.maven.ide.eclipse.wtp.WarLifecycleMapping lifecycle mapping for MavenProject: com.luv2code:spring-rest-demo:1.0 @ C:\Users\deema\Desktop\TMS-final\TMS_Eclipse\solution-code-spring-rest-demo-pojo-student-list\pom.xml.
2020-05-10 01:51:02,724 [Worker-18: Building workspace] INFO  o.e.m.w.i.f.ResourceFilteringBuildParticipant - Changed resources require a complete clean of filtered resources of solution-code-spring-rest-demo-pojo-student-list
2020-05-10 01:51:02,724 [Worker-18: Building workspace] INFO  o.e.m.w.i.f.ResourceFilteringBuildParticipant - Executing resource filtering for solution-code-spring-rest-demo-pojo-student-list
2020-05-10 18:47:32,810 [Worker-2: Loading available Gradle versions] INFO  o.e.b.c.i.u.g.PublishedGradleVersions - Gradle version information cache is out-of-date. Trying to update.
2020-05-10 18:48:02,730 [Worker-3: Building workspace] INFO  o.e.m.c.i.l.LifecycleMappingFactory - Using org.maven.ide.eclipse.wtp.WarLifecycleMapping lifecycle mapping for MavenProject: com.luv2code:spring-rest-demo:1.0 @ C:\Users\deema\Desktop\tms-master\TMS_Eclipse\solution-code-spring-rest-demo-pojo-student-list\pom.xml.
2020-05-10 20:49:21,524 [Worker-27: Building workspace] INFO  o.e.m.c.i.l.LifecycleMappingFactory - Using org.maven.ide.eclipse.wtp.WarLifecycleMapping lifecycle mapping for MavenProject: com.luv2code:spring-rest-demo:1.0 @ C:\Users\deema\Desktop\tms-master\TMS_Eclipse\solution-code-spring-rest-demo-pojo-student-list\pom.xml.
2020-05-10 20:49:23,810 [Worker-27: Building workspace] INFO  o.e.m.w.i.f.ResourceFilteringBuildParticipant - Changed resources require a complete clean of filtered resources of solution-code-spring-rest-demo-pojo-student-list
2020-05-10 20:49:23,811 [Worker-27: Building workspace] INFO  o.e.m.w.i.f.ResourceFilteringBuildParticipant - Executing resource filtering for solution-code-spring-rest-demo-pojo-student-list
2020-05-10 20:49:26,371 [Worker-24: Download sources and javadoc] INFO  o.e.m.c.i.e.AbstractTransferListenerAdapter - Downloading https://repo.maven.apache.org/maven2/commons-io/commons-io/2.5/commons-io-2.5-sources.jar
2020-05-10 20:49:27,163 [Worker-24: Download sources and javadoc] INFO  o.e.m.c.i.e.AbstractTransferListenerAdapter - Downloaded https://repo.maven.apache.org/maven2/commons-io/commons-io/2.5/commons-io-2.5-sources.jar
2020-05-10 20:49:28,052 [Worker-24: Download sources and javadoc] INFO  o.e.m.j.internal.DownloadSourcesJob - Downloaded sources for commons-io:commons-io:2.5
2020-05-10 21:16:11,259 [Worker-41: Building workspace] INFO  o.e.m.c.i.l.LifecycleMappingFactory - Using org.maven.ide.eclipse.wtp.WarLifecycleMapping lifecycle mapping for MavenProject: com.luv2code:spring-rest-demo:1.0 @ C:\Users\deema\Desktop\tms-master\TMS_Eclipse\solution-code-spring-rest-demo-pojo-student-list\pom.xml.
2020-05-10 21:16:13,029 [Worker-41: Building workspace] INFO  o.e.m.w.i.f.ResourceFilteringBuildParticipant - Changed resources require a complete clean of filtered resources of solution-code-spring-rest-demo-pojo-student-list
2020-05-10 21:16:13,029 [Worker-41: Building workspace] INFO  o.e.m.w.i.f.ResourceFilteringBuildParticipant - Executing resource filtering for solution-code-spring-rest-demo-pojo-student-list
2020-05-10 21:31:43,113 [Worker-43: Updating Maven Project] INFO  o.e.m.c.i.p.ProjectConfigurationManager - Update started
2020-05-10 21:31:43,982 [Worker-43: Updating Maven Project] INFO  o.e.m.c.i.l.LifecycleMappingFactory - Using org.maven.ide.eclipse.wtp.WarLifecycleMapping lifecycle mapping for MavenProject: com.luv2code:spring-rest-demo:1.0 @ C:\Users\deema\Desktop\tms-master\TMS_Eclipse\solution-code-spring-rest-demo-pojo-student-list\pom.xml.
2020-05-10 21:31:46,083 [Worker-43: Updating Maven Project] INFO  o.e.m.j.i.AbstractJavaProjectConfigurator - Adding source folder /solution-code-spring-rest-demo-pojo-student-list/src/main/java
2020-05-10 21:31:46,084 [Worker-43: Updating Maven Project] INFO  o.e.m.j.i.AbstractJavaProjectConfigurator - Adding resource folder /solution-code-spring-rest-demo-pojo-student-list/src/main/resources
2020-05-10 21:31:46,085 [Worker-43: Updating Maven Project] INFO  o.e.m.j.i.AbstractJavaProjectConfigurator - Adding source folder /solution-code-spring-rest-demo-pojo-student-list/src/test/java
2020-05-10 21:31:47,769 [Worker-43: Updating Maven Project] INFO  o.e.m.w.i.f.ResourceFilteringBuildParticipant - Cleaning filtered folder for solution-code-spring-rest-demo-pojo-student-list
2020-05-10 21:31:47,789 [Worker-43: Updating Maven Project] INFO  o.e.m.c.i.p.ProjectConfigurationManager - Update completed: 4 sec
2020-05-10 21:31:49,029 [Worker-55: Building workspace] INFO  o.e.m.w.i.f.ResourceFilteringBuildParticipant - Changed resources require a complete clean of filtered resources of solution-code-spring-rest-demo-pojo-student-list
2020-05-10 21:31:49,029 [Worker-55: Building workspace] INFO  o.e.m.w.i.f.ResourceFilteringBuildParticipant - Executing resource filtering for solution-code-spring-rest-demo-pojo-student-list
2020-05-10 21:34:20,891 [Worker-54: Launching Executing clean in C__Users_deema_Desktop_tms-master_TMS_Eclipse_solution-code-spring-rest-demo-pojo-student-list] INFO  o.e.m.i.launch.MavenLaunchDelegate - C:\Users\deema\Desktop\tms-master\TMS_Eclipse\solution-code-spring-rest-demo-pojo-student-list
2020-05-10 21:34:20,893 [Worker-54: Launching Executing clean in C__Users_deema_Desktop_tms-master_TMS_Eclipse_solution-code-spring-rest-demo-pojo-student-list] INFO  o.e.m.i.launch.MavenLaunchDelegate -  mvn -B clean
2020-05-10 21:35:40,833 [Worker-53: Updating Maven Project] INFO  o.e.m.c.i.p.ProjectConfigurationManager - Update started
2020-05-10 21:35:41,662 [Worker-53: Updating Maven Project] INFO  o.e.m.c.i.l.LifecycleMappingFactory - Using org.maven.ide.eclipse.wtp.WarLifecycleMapping lifecycle mapping for MavenProject: com.luv2code:spring-rest-demo:1.0 @ C:\Users\deema\Desktop\tms-master\TMS_Eclipse\solution-code-spring-rest-demo-pojo-student-list\pom.xml.
2020-05-10 21:35:43,056 [Worker-53: Updating Maven Project] INFO  o.e.m.j.i.AbstractJavaProjectConfigurator - Adding source folder /solution-code-spring-rest-demo-pojo-student-list/src/main/java
2020-05-10 21:35:43,057 [Worker-53: Updating Maven Project] INFO  o.e.m.j.i.AbstractJavaProjectConfigurator - Adding resource folder /solution-code-spring-rest-demo-pojo-student-list/src/main/resources
2020-05-10 21:35:43,058 [Worker-53: Updating Maven Project] INFO  o.e.m.j.i.AbstractJavaProjectConfigurator - Adding source folder /solution-code-spring-rest-demo-pojo-student-list/src/test/java
2020-05-10 21:35:43,789 [Worker-53: Updating Maven Project] INFO  o.e.m.w.i.f.ResourceFilteringBuildParticipant - Cleaning filtered folder for solution-code-spring-rest-demo-pojo-student-list
2020-05-10 21:35:43,807 [Worker-53: Updating Maven Project] INFO  o.e.m.c.i.p.ProjectConfigurationManager - Update completed: 2 sec
2020-05-10 21:35:44,967 [Worker-49: Building workspace] INFO  o.e.m.w.i.f.ResourceFilteringBuildParticipant - Changed resources require a complete clean of filtered resources of solution-code-spring-rest-demo-pojo-student-list
2020-05-10 21:35:44,970 [Worker-49: Building workspace] INFO  o.e.m.w.i.f.ResourceFilteringBuildParticipant - Executing resource filtering for solution-code-spring-rest-demo-pojo-student-list
2020-05-11 00:39:07,167 [Worker-84: Building workspace] INFO  o.e.m.c.i.l.LifecycleMappingFactory - Using org.maven.ide.eclipse.wtp.WarLifecycleMapping lifecycle mapping for MavenProject: com.luv2code:spring-rest-demo:1.0 @ C:\Users\deema\Desktop\tms-master\TMS_Eclipse\solution-code-spring-rest-demo-pojo-student-list\pom.xml.
2020-05-11 00:39:08,867 [Worker-84: Building workspace] INFO  o.e.m.c.i.e.AbstractTransferListenerAdapter - Downloading https://repo.maven.apache.org/maven2/com/fasterxml/jackson/datatype/jackson-datatype-jsr310/2.9.7/jackson-datatype-jsr310-2.9.7.pom
2020-05-11 00:39:09,205 [Worker-84: Building workspace] INFO  o.e.m.c.i.e.AbstractTransferListenerAdapter - Downloaded https://repo.maven.apache.org/maven2/com/fasterxml/jackson/datatype/jackson-datatype-jsr310/2.9.7/jackson-datatype-jsr310-2.9.7.pom
2020-05-11 00:39:09,428 [Worker-84: Building workspace] INFO  o.e.m.c.i.e.AbstractTransferListenerAdapter - Downloading https://repo.maven.apache.org/maven2/com/fasterxml/jackson/module/jackson-modules-java8/2.9.7/jackson-modules-java8-2.9.7.pom
2020-05-11 00:39:13,869 [Worker-84: Building workspace] INFO  o.e.m.c.i.e.AbstractTransferListenerAdapter - Downloaded https://repo.maven.apache.org/maven2/com/fasterxml/jackson/module/jackson-modules-java8/2.9.7/jackson-modules-java8-2.9.7.pom
2020-05-11 00:39:14,144 [Worker-84: Building workspace] INFO  o.e.m.c.i.e.AbstractTransferListenerAdapter - Downloading https://repo.maven.apache.org/maven2/com/fasterxml/jackson/jackson-base/2.9.7/jackson-base-2.9.7.pom
2020-05-11 00:39:14,684 [Worker-84: Building workspace] INFO  o.e.m.c.i.e.AbstractTransferListenerAdapter - Downloaded https://repo.maven.apache.org/maven2/com/fasterxml/jackson/jackson-base/2.9.7/jackson-base-2.9.7.pom
2020-05-11 00:39:14,809 [Worker-84: Building workspace] INFO  o.e.m.c.i.e.AbstractTransferListenerAdapter - Downloading https://repo.maven.apache.org/maven2/com/fasterxml/jackson/jackson-bom/2.9.7/jackson-bom-2.9.7.pom
2020-05-11 00:39:15,021 [Worker-84: Building workspace] INFO  o.e.m.c.i.e.AbstractTransferListenerAdapter - Downloaded https://repo.maven.apache.org/maven2/com/fasterxml/jackson/jackson-bom/2.9.7/jackson-bom-2.9.7.pom
2020-05-11 00:39:15,155 [Worker-84: Building workspace] INFO  o.e.m.c.i.e.AbstractTransferListenerAdapter - Downloading https://repo.maven.apache.org/maven2/com/fasterxml/jackson/jackson-parent/2.9.1.1/jackson-parent-2.9.1.1.pom
2020-05-11 00:39:15,422 [Worker-84: Building workspace] INFO  o.e.m.c.i.e.AbstractTransferListenerAdapter - Downloaded https://repo.maven.apache.org/maven2/com/fasterxml/jackson/jackson-parent/2.9.1.1/jackson-parent-2.9.1.1.pom
2020-05-11 00:39:15,553 [Worker-84: Building workspace] INFO  o.e.m.c.i.e.AbstractTransferListenerAdapter - Downloading https://repo.maven.apache.org/maven2/com/fasterxml/oss-parent/33/oss-parent-33.pom
2020-05-11 00:39:15,658 [Worker-84: Building workspace] INFO  o.e.m.c.i.e.AbstractTransferListenerAdapter - Downloaded https://repo.maven.apache.org/maven2/com/fasterxml/oss-parent/33/oss-parent-33.pom
2020-05-11 00:39:15,840 [Worker-84: Building workspace] INFO  o.e.m.c.i.e.AbstractTransferListenerAdapter - Downloading https://repo.maven.apache.org/maven2/com/fasterxml/jackson/core/jackson-core/2.9.7/jackson-core-2.9.7.pom
2020-05-11 00:39:15,993 [Worker-84: Building workspace] INFO  o.e.m.c.i.e.AbstractTransferListenerAdapter - Downloaded https://repo.maven.apache.org/maven2/com/fasterxml/jackson/core/jackson-core/2.9.7/jackson-core-2.9.7.pom
2020-05-11 00:39:16,091 [Worker-84: Building workspace] INFO  o.e.m.c.i.e.AbstractTransferListenerAdapter - Downloading https://repo.maven.apache.org/maven2/com/fasterxml/jackson/core/jackson-databind/2.9.7/jackson-databind-2.9.7.pom
2020-05-11 00:39:16,180 [Worker-84: Building workspace] INFO  o.e.m.c.i.e.AbstractTransferListenerAdapter - Downloaded https://repo.maven.apache.org/maven2/com/fasterxml/jackson/core/jackson-databind/2.9.7/jackson-databind-2.9.7.pom
2020-05-11 00:39:20,245 [Worker-84: Building workspace] INFO  o.e.m.c.i.e.AbstractTransferListenerAdapter - Downloading https://repo.maven.apache.org/maven2/com/fasterxml/jackson/datatype/jackson-datatype-jsr310/2.9.7/jackson-datatype-jsr310-2.9.7.jar
2020-05-11 00:39:20,531 [Worker-84: Building workspace] INFO  o.e.m.c.i.e.AbstractTransferListenerAdapter - Downloaded https://repo.maven.apache.org/maven2/com/fasterxml/jackson/datatype/jackson-datatype-jsr310/2.9.7/jackson-datatype-jsr310-2.9.7.jar
2020-05-11 00:39:20,611 [Worker-84: Building workspace] INFO  o.e.m.c.i.e.AbstractTransferListenerAdapter - Downloading https://repo.maven.apache.org/maven2/com/fasterxml/jackson/core/jackson-core/2.9.7/jackson-core-2.9.7.jar
2020-05-11 00:39:21,399 [Worker-84: Building workspace] INFO  o.e.m.c.i.e.AbstractTransferListenerAdapter - Downloaded https://repo.maven.apache.org/maven2/com/fasterxml/jackson/core/jackson-core/2.9.7/jackson-core-2.9.7.jar
2020-05-11 00:39:23,418 [Worker-84: Building workspace] INFO  o.e.m.w.i.f.ResourceFilteringBuildParticipant - Changed resources require a complete clean of filtered resources of solution-code-spring-rest-demo-pojo-student-list
2020-05-11 00:39:23,418 [Worker-84: Building workspace] INFO  o.e.m.w.i.f.ResourceFilteringBuildParticipant - Executing resource filtering for solution-code-spring-rest-demo-pojo-student-list
2020-05-11 00:39:24,517 [Worker-93: Download sources and javadoc] INFO  o.e.m.c.i.e.AbstractTransferListenerAdapter - Downloading https://repo.maven.apache.org/maven2/com/fasterxml/jackson/datatype/jackson-datatype-jsr310/2.9.7/jackson-datatype-jsr310-2.9.7-sources.jar
2020-05-11 00:39:24,791 [Worker-93: Download sources and javadoc] INFO  o.e.m.c.i.e.AbstractTransferListenerAdapter - Downloaded https://repo.maven.apache.org/maven2/com/fasterxml/jackson/datatype/jackson-datatype-jsr310/2.9.7/jackson-datatype-jsr310-2.9.7-sources.jar
2020-05-11 00:39:24,977 [Worker-93: Download sources and javadoc] INFO  o.e.m.j.internal.DownloadSourcesJob - Downloaded sources for com.fasterxml.jackson.datatype:jackson-datatype-jsr310:2.9.7
2020-05-11 00:39:25,232 [Worker-93: Download sources and javadoc] INFO  o.e.m.c.i.e.AbstractTransferListenerAdapter - Downloading https://repo.maven.apache.org/maven2/com/fasterxml/jackson/core/jackson-core/2.9.7/jackson-core-2.9.7-sources.jar
2020-05-11 00:39:25,731 [Worker-93: Download sources and javadoc] INFO  o.e.m.c.i.e.AbstractTransferListenerAdapter - Downloaded https://repo.maven.apache.org/maven2/com/fasterxml/jackson/core/jackson-core/2.9.7/jackson-core-2.9.7-sources.jar
2020-05-11 00:39:26,098 [Worker-93: Download sources and javadoc] INFO  o.e.m.j.internal.DownloadSourcesJob - Downloaded sources for com.fasterxml.jackson.core:jackson-core:2.9.7
